2020-06-28 15:52:42 INFO  EmployeesRestAPI:16 - *********Started TC001_Get_All_Employees **********
2020-06-28 15:52:43 INFO  EmployeesRestAPI:112 - ***********  Checking Content Lenght**********
2020-06-28 15:52:43 INFO  EmployeesRestAPI:115 - Content Length is==>595
2020-06-28 15:52:43 INFO  EmployeesRestAPI:79 - ***********  Checking Content Type **********
2020-06-28 15:52:43 INFO  EmployeesRestAPI:82 - Content type is ==>application/json;charset=utf-8
2020-06-28 15:52:43 INFO  EmployeesRestAPI:127 - ***********  Checking Cookies **********
2020-06-28 15:52:43 INFO  EmployeesRestAPI:50 - ***********  Checking Response Time **********
2020-06-28 15:52:43 INFO  EmployeesRestAPI:53 - Response Time is ==>907
2020-06-28 15:52:43 INFO  EmployeesRestAPI:28 - ***********  Checking Respose Body **********
2020-06-28 15:52:43 INFO  EmployeesRestAPI:31 - Response Body==>{"status":"success","data":[{"id":"1","employee_name":"Tiger Nixon","employee_salary":"320800","employee_age":"61","profile_image":""},{"id":"2","employee_name":"Garrett Winters","employee_salary":"170750","employee_age":"63","profile_image":""},{"id":"3","employee_name":"Ashton Cox","employee_salary":"86000","employee_age":"66","profile_image":""},{"id":"4","employee_name":"Cedric Kelly","employee_salary":"433060","employee_age":"22","profile_image":""},{"id":"5","employee_name":"Airi Satou","employee_salary":"162700","employee_age":"33","profile_image":""},{"id":"6","employee_name":"Brielle Williamson","employee_salary":"372000","employee_age":"61","profile_image":""},{"id":"7","employee_name":"Herrod Chandler","employee_salary":"137500","employee_age":"59","profile_image":""},{"id":"8","employee_name":"Rhona Davidson","employee_salary":"327900","employee_age":"55","profile_image":""},{"id":"9","employee_name":"Colleen Hurst","employee_salary":"205500","employee_age":"39","profile_image":""},{"id":"10","employee_name":"Sonya Frost","employee_salary":"103600","employee_age":"23","profile_image":""},{"id":"11","employee_name":"Jena Gaines","employee_salary":"90560","employee_age":"30","profile_image":""},{"id":"12","employee_name":"Quinn Flynn","employee_salary":"342000","employee_age":"22","profile_image":""},{"id":"13","employee_name":"Charde Marshall","employee_salary":"470600","employee_age":"36","profile_image":""},{"id":"14","employee_name":"Haley Kennedy","employee_salary":"313500","employee_age":"43","profile_image":""},{"id":"15","employee_name":"Tatyana Fitzpatrick","employee_salary":"385750","employee_age":"19","profile_image":""},{"id":"16","employee_name":"Michael Silva","employee_salary":"198500","employee_age":"66","profile_image":""},{"id":"17","employee_name":"Paul Byrd","employee_salary":"725000","employee_age":"64","profile_image":""},{"id":"18","employee_name":"Gloria Little","employee_salary":"237500","employee_age":"59","profile_image":""},{"id":"19","employee_name":"Bradley Greer","employee_salary":"132000","employee_age":"41","profile_image":""},{"id":"20","employee_name":"Dai Rios","employee_salary":"217500","employee_age":"35","profile_image":""},{"id":"21","employee_name":"Jenette Caldwell","employee_salary":"345000","employee_age":"30","profile_image":""},{"id":"22","employee_name":"Yuri Berry","employee_salary":"675000","employee_age":"40","profile_image":""},{"id":"23","employee_name":"Caesar Vance","employee_salary":"106450","employee_age":"21","profile_image":""},{"id":"24","employee_name":"Doris Wilder","employee_salary":"85600","employee_age":"23","profile_image":""}]}
2020-06-28 15:52:43 INFO  EmployeesRestAPI:39 - ***********  Checking Status Code **********
2020-06-28 15:52:43 INFO  EmployeesRestAPI:42 - Status Code is ==>200
2020-06-28 15:52:43 INFO  EmployeesRestAPI:100 - ***********  Checking Content Encoding**********
2020-06-28 15:52:43 INFO  EmployeesRestAPI:103 - Content Encoding is==>gzip
2020-06-28 15:52:43 INFO  EmployeesRestAPI:89 - ***********  Checking Server Type **********
2020-06-28 15:52:43 INFO  EmployeesRestAPI:92 - Server Type is =>nginx/1.16.0
2020-06-28 15:52:43 INFO  EmployeesRestAPI:66 - ***********  Checking Status Line **********
2020-06-28 15:52:43 INFO  EmployeesRestAPI:69 - Status Line is ==>HTTP/1.1 200 OK
2020-06-28 15:52:43 INFO  EmployeesRestAPI:137 - *********  Finished TC001_Get_All_Employees **********
2020-06-28 16:06:20 INFO  EmployeesRestAPI:16 - *********Started TC001_Get_All_Employees **********
2020-06-28 16:06:22 INFO  EmployeesRestAPI:112 - ***********  Checking Content Lenght**********
2020-06-28 16:06:22 INFO  EmployeesRestAPI:115 - Content Length is==>595
2020-06-28 16:06:22 INFO  EmployeesRestAPI:79 - ***********  Checking Content Type **********
2020-06-28 16:06:22 INFO  EmployeesRestAPI:82 - Content type is ==>application/json;charset=utf-8
2020-06-28 16:06:22 INFO  EmployeesRestAPI:127 - ***********  Checking Cookies **********
2020-06-28 16:06:22 INFO  EmployeesRestAPI:50 - ***********  Checking Response Time **********
2020-06-28 16:06:22 INFO  EmployeesRestAPI:53 - Response Time is ==>892
2020-06-28 16:06:22 INFO  EmployeesRestAPI:28 - ***********  Checking Respose Body **********
2020-06-28 16:06:22 INFO  EmployeesRestAPI:31 - Response Body==>{"status":"success","data":[{"id":"1","employee_name":"Tiger Nixon","employee_salary":"320800","employee_age":"61","profile_image":""},{"id":"2","employee_name":"Garrett Winters","employee_salary":"170750","employee_age":"63","profile_image":""},{"id":"3","employee_name":"Ashton Cox","employee_salary":"86000","employee_age":"66","profile_image":""},{"id":"4","employee_name":"Cedric Kelly","employee_salary":"433060","employee_age":"22","profile_image":""},{"id":"5","employee_name":"Airi Satou","employee_salary":"162700","employee_age":"33","profile_image":""},{"id":"6","employee_name":"Brielle Williamson","employee_salary":"372000","employee_age":"61","profile_image":""},{"id":"7","employee_name":"Herrod Chandler","employee_salary":"137500","employee_age":"59","profile_image":""},{"id":"8","employee_name":"Rhona Davidson","employee_salary":"327900","employee_age":"55","profile_image":""},{"id":"9","employee_name":"Colleen Hurst","employee_salary":"205500","employee_age":"39","profile_image":""},{"id":"10","employee_name":"Sonya Frost","employee_salary":"103600","employee_age":"23","profile_image":""},{"id":"11","employee_name":"Jena Gaines","employee_salary":"90560","employee_age":"30","profile_image":""},{"id":"12","employee_name":"Quinn Flynn","employee_salary":"342000","employee_age":"22","profile_image":""},{"id":"13","employee_name":"Charde Marshall","employee_salary":"470600","employee_age":"36","profile_image":""},{"id":"14","employee_name":"Haley Kennedy","employee_salary":"313500","employee_age":"43","profile_image":""},{"id":"15","employee_name":"Tatyana Fitzpatrick","employee_salary":"385750","employee_age":"19","profile_image":""},{"id":"16","employee_name":"Michael Silva","employee_salary":"198500","employee_age":"66","profile_image":""},{"id":"17","employee_name":"Paul Byrd","employee_salary":"725000","employee_age":"64","profile_image":""},{"id":"18","employee_name":"Gloria Little","employee_salary":"237500","employee_age":"59","profile_image":""},{"id":"19","employee_name":"Bradley Greer","employee_salary":"132000","employee_age":"41","profile_image":""},{"id":"20","employee_name":"Dai Rios","employee_salary":"217500","employee_age":"35","profile_image":""},{"id":"21","employee_name":"Jenette Caldwell","employee_salary":"345000","employee_age":"30","profile_image":""},{"id":"22","employee_name":"Yuri Berry","employee_salary":"675000","employee_age":"40","profile_image":""},{"id":"23","employee_name":"Caesar Vance","employee_salary":"106450","employee_age":"21","profile_image":""},{"id":"24","employee_name":"Doris Wilder","employee_salary":"85600","employee_age":"23","profile_image":""}]}
2020-06-28 16:06:22 INFO  EmployeesRestAPI:39 - ***********  Checking Status Code **********
2020-06-28 16:06:22 INFO  EmployeesRestAPI:42 - Status Code is ==>200
2020-06-28 16:06:22 INFO  EmployeesRestAPI:100 - ***********  Checking Content Encoding**********
2020-06-28 16:06:22 INFO  EmployeesRestAPI:103 - Content Encoding is==>gzip
2020-06-28 16:06:22 INFO  EmployeesRestAPI:89 - ***********  Checking Server Type **********
2020-06-28 16:06:22 INFO  EmployeesRestAPI:92 - Server Type is =>nginx/1.16.0
2020-06-28 16:06:22 INFO  EmployeesRestAPI:66 - ***********  Checking Status Line **********
2020-06-28 16:06:22 INFO  EmployeesRestAPI:69 - Status Line is ==>HTTP/1.1 200 OK
2020-06-28 16:06:22 INFO  EmployeesRestAPI:137 - *********  Finished TC001_Get_All_Employees **********
2020-06-28 16:09:30 INFO  EmployeesRestAPI:16 - *********Started TC001_Get_All_Employees **********
2020-06-28 16:09:32 INFO  EmployeesRestAPI:112 - ***********  Checking Content Lenght**********
2020-06-28 16:09:32 INFO  EmployeesRestAPI:115 - Content Length is==>595
2020-06-28 16:09:32 INFO  EmployeesRestAPI:79 - ***********  Checking Content Type **********
2020-06-28 16:09:32 INFO  EmployeesRestAPI:82 - Content type is ==>application/json;charset=utf-8
2020-06-28 16:09:32 INFO  EmployeesRestAPI:127 - ***********  Checking Cookies **********
2020-06-28 16:09:32 INFO  EmployeesRestAPI:50 - ***********  Checking Response Time **********
2020-06-28 16:09:32 INFO  EmployeesRestAPI:53 - Response Time is ==>869
2020-06-28 16:09:32 INFO  EmployeesRestAPI:28 - ***********  Checking Respose Body **********
2020-06-28 16:09:32 INFO  EmployeesRestAPI:31 - Response Body==>{"status":"success","data":[{"id":"1","employee_name":"Tiger Nixon","employee_salary":"320800","employee_age":"61","profile_image":""},{"id":"2","employee_name":"Garrett Winters","employee_salary":"170750","employee_age":"63","profile_image":""},{"id":"3","employee_name":"Ashton Cox","employee_salary":"86000","employee_age":"66","profile_image":""},{"id":"4","employee_name":"Cedric Kelly","employee_salary":"433060","employee_age":"22","profile_image":""},{"id":"5","employee_name":"Airi Satou","employee_salary":"162700","employee_age":"33","profile_image":""},{"id":"6","employee_name":"Brielle Williamson","employee_salary":"372000","employee_age":"61","profile_image":""},{"id":"7","employee_name":"Herrod Chandler","employee_salary":"137500","employee_age":"59","profile_image":""},{"id":"8","employee_name":"Rhona Davidson","employee_salary":"327900","employee_age":"55","profile_image":""},{"id":"9","employee_name":"Colleen Hurst","employee_salary":"205500","employee_age":"39","profile_image":""},{"id":"10","employee_name":"Sonya Frost","employee_salary":"103600","employee_age":"23","profile_image":""},{"id":"11","employee_name":"Jena Gaines","employee_salary":"90560","employee_age":"30","profile_image":""},{"id":"12","employee_name":"Quinn Flynn","employee_salary":"342000","employee_age":"22","profile_image":""},{"id":"13","employee_name":"Charde Marshall","employee_salary":"470600","employee_age":"36","profile_image":""},{"id":"14","employee_name":"Haley Kennedy","employee_salary":"313500","employee_age":"43","profile_image":""},{"id":"15","employee_name":"Tatyana Fitzpatrick","employee_salary":"385750","employee_age":"19","profile_image":""},{"id":"16","employee_name":"Michael Silva","employee_salary":"198500","employee_age":"66","profile_image":""},{"id":"17","employee_name":"Paul Byrd","employee_salary":"725000","employee_age":"64","profile_image":""},{"id":"18","employee_name":"Gloria Little","employee_salary":"237500","employee_age":"59","profile_image":""},{"id":"19","employee_name":"Bradley Greer","employee_salary":"132000","employee_age":"41","profile_image":""},{"id":"20","employee_name":"Dai Rios","employee_salary":"217500","employee_age":"35","profile_image":""},{"id":"21","employee_name":"Jenette Caldwell","employee_salary":"345000","employee_age":"30","profile_image":""},{"id":"22","employee_name":"Yuri Berry","employee_salary":"675000","employee_age":"40","profile_image":""},{"id":"23","employee_name":"Caesar Vance","employee_salary":"106450","employee_age":"21","profile_image":""},{"id":"24","employee_name":"Doris Wilder","employee_salary":"85600","employee_age":"23","profile_image":""}]}
2020-06-28 16:09:32 INFO  EmployeesRestAPI:39 - ***********  Checking Status Code **********
2020-06-28 16:09:32 INFO  EmployeesRestAPI:42 - Status Code is ==>200
2020-06-28 16:09:32 INFO  EmployeesRestAPI:100 - ***********  Checking Content Encoding**********
2020-06-28 16:09:32 INFO  EmployeesRestAPI:103 - Content Encoding is==>gzip
2020-06-28 16:09:32 INFO  EmployeesRestAPI:89 - ***********  Checking Server Type **********
2020-06-28 16:09:32 INFO  EmployeesRestAPI:92 - Server Type is =>nginx/1.16.0
2020-06-28 16:09:32 INFO  EmployeesRestAPI:66 - ***********  Checking Status Line **********
2020-06-28 16:09:32 INFO  EmployeesRestAPI:69 - Status Line is ==>HTTP/1.1 200 OK
2020-06-28 16:09:32 INFO  EmployeesRestAPI:137 - *********  Finished TC001_Get_All_Employees **********
2020-06-28 16:12:31 INFO  EmployeesRestAPI:16 - *********Started TC001_Get_All_Employees **********
2020-06-28 16:12:32 INFO  EmployeesRestAPI:112 - ***********  Checking Content Lenght**********
2020-06-28 16:12:32 INFO  EmployeesRestAPI:115 - Content Length is==>595
2020-06-28 16:12:32 INFO  EmployeesRestAPI:79 - ***********  Checking Content Type **********
2020-06-28 16:12:32 INFO  EmployeesRestAPI:82 - Content type is ==>application/json;charset=utf-8
2020-06-28 16:12:32 INFO  EmployeesRestAPI:127 - ***********  Checking Cookies **********
2020-06-28 16:12:32 INFO  EmployeesRestAPI:50 - ***********  Checking Response Time **********
2020-06-28 16:12:32 INFO  EmployeesRestAPI:53 - Response Time is ==>881
2020-06-28 16:12:32 INFO  EmployeesRestAPI:28 - ***********  Checking Respose Body **********
2020-06-28 16:12:32 INFO  EmployeesRestAPI:31 - Response Body==>{"status":"success","data":[{"id":"1","employee_name":"Tiger Nixon","employee_salary":"320800","employee_age":"61","profile_image":""},{"id":"2","employee_name":"Garrett Winters","employee_salary":"170750","employee_age":"63","profile_image":""},{"id":"3","employee_name":"Ashton Cox","employee_salary":"86000","employee_age":"66","profile_image":""},{"id":"4","employee_name":"Cedric Kelly","employee_salary":"433060","employee_age":"22","profile_image":""},{"id":"5","employee_name":"Airi Satou","employee_salary":"162700","employee_age":"33","profile_image":""},{"id":"6","employee_name":"Brielle Williamson","employee_salary":"372000","employee_age":"61","profile_image":""},{"id":"7","employee_name":"Herrod Chandler","employee_salary":"137500","employee_age":"59","profile_image":""},{"id":"8","employee_name":"Rhona Davidson","employee_salary":"327900","employee_age":"55","profile_image":""},{"id":"9","employee_name":"Colleen Hurst","employee_salary":"205500","employee_age":"39","profile_image":""},{"id":"10","employee_name":"Sonya Frost","employee_salary":"103600","employee_age":"23","profile_image":""},{"id":"11","employee_name":"Jena Gaines","employee_salary":"90560","employee_age":"30","profile_image":""},{"id":"12","employee_name":"Quinn Flynn","employee_salary":"342000","employee_age":"22","profile_image":""},{"id":"13","employee_name":"Charde Marshall","employee_salary":"470600","employee_age":"36","profile_image":""},{"id":"14","employee_name":"Haley Kennedy","employee_salary":"313500","employee_age":"43","profile_image":""},{"id":"15","employee_name":"Tatyana Fitzpatrick","employee_salary":"385750","employee_age":"19","profile_image":""},{"id":"16","employee_name":"Michael Silva","employee_salary":"198500","employee_age":"66","profile_image":""},{"id":"17","employee_name":"Paul Byrd","employee_salary":"725000","employee_age":"64","profile_image":""},{"id":"18","employee_name":"Gloria Little","employee_salary":"237500","employee_age":"59","profile_image":""},{"id":"19","employee_name":"Bradley Greer","employee_salary":"132000","employee_age":"41","profile_image":""},{"id":"20","employee_name":"Dai Rios","employee_salary":"217500","employee_age":"35","profile_image":""},{"id":"21","employee_name":"Jenette Caldwell","employee_salary":"345000","employee_age":"30","profile_image":""},{"id":"22","employee_name":"Yuri Berry","employee_salary":"675000","employee_age":"40","profile_image":""},{"id":"23","employee_name":"Caesar Vance","employee_salary":"106450","employee_age":"21","profile_image":""},{"id":"24","employee_name":"Doris Wilder","employee_salary":"85600","employee_age":"23","profile_image":""}]}
2020-06-28 16:12:32 INFO  EmployeesRestAPI:39 - ***********  Checking Status Code **********
2020-06-28 16:12:32 INFO  EmployeesRestAPI:42 - Status Code is ==>200
2020-06-28 16:12:32 INFO  EmployeesRestAPI:100 - ***********  Checking Content Encoding**********
2020-06-28 16:12:32 INFO  EmployeesRestAPI:103 - Content Encoding is==>gzip
2020-06-28 16:12:32 INFO  EmployeesRestAPI:89 - ***********  Checking Server Type **********
2020-06-28 16:12:32 INFO  EmployeesRestAPI:92 - Server Type is =>nginx/1.16.0
2020-06-28 16:12:32 INFO  EmployeesRestAPI:66 - ***********  Checking Status Line **********
2020-06-28 16:12:32 INFO  EmployeesRestAPI:69 - Status Line is ==>HTTP/1.1 200 OK
2020-06-28 16:12:32 INFO  EmployeesRestAPI:137 - *********  Finished TC001_Get_All_Employees **********
2020-06-28 16:20:00 INFO  EmployeesRestAPI:16 - *********Started TC001_Get_All_Employees **********
2020-06-28 16:20:01 INFO  EmployeesRestAPI:112 - ***********  Checking Content Lenght**********
2020-06-28 16:20:01 INFO  EmployeesRestAPI:115 - Content Length is==>595
2020-06-28 16:20:01 INFO  EmployeesRestAPI:79 - ***********  Checking Content Type **********
2020-06-28 16:20:01 INFO  EmployeesRestAPI:82 - Content type is ==>application/json;charset=utf-8
2020-06-28 16:20:01 INFO  EmployeesRestAPI:127 - ***********  Checking Cookies **********
2020-06-28 16:20:01 INFO  EmployeesRestAPI:50 - ***********  Checking Response Time **********
2020-06-28 16:20:01 INFO  EmployeesRestAPI:53 - Response Time is ==>909
2020-06-28 16:20:01 INFO  EmployeesRestAPI:28 - ***********  Checking Respose Body **********
2020-06-28 16:20:01 INFO  EmployeesRestAPI:31 - Response Body==>{"status":"success","data":[{"id":"1","employee_name":"Tiger Nixon","employee_salary":"320800","employee_age":"61","profile_image":""},{"id":"2","employee_name":"Garrett Winters","employee_salary":"170750","employee_age":"63","profile_image":""},{"id":"3","employee_name":"Ashton Cox","employee_salary":"86000","employee_age":"66","profile_image":""},{"id":"4","employee_name":"Cedric Kelly","employee_salary":"433060","employee_age":"22","profile_image":""},{"id":"5","employee_name":"Airi Satou","employee_salary":"162700","employee_age":"33","profile_image":""},{"id":"6","employee_name":"Brielle Williamson","employee_salary":"372000","employee_age":"61","profile_image":""},{"id":"7","employee_name":"Herrod Chandler","employee_salary":"137500","employee_age":"59","profile_image":""},{"id":"8","employee_name":"Rhona Davidson","employee_salary":"327900","employee_age":"55","profile_image":""},{"id":"9","employee_name":"Colleen Hurst","employee_salary":"205500","employee_age":"39","profile_image":""},{"id":"10","employee_name":"Sonya Frost","employee_salary":"103600","employee_age":"23","profile_image":""},{"id":"11","employee_name":"Jena Gaines","employee_salary":"90560","employee_age":"30","profile_image":""},{"id":"12","employee_name":"Quinn Flynn","employee_salary":"342000","employee_age":"22","profile_image":""},{"id":"13","employee_name":"Charde Marshall","employee_salary":"470600","employee_age":"36","profile_image":""},{"id":"14","employee_name":"Haley Kennedy","employee_salary":"313500","employee_age":"43","profile_image":""},{"id":"15","employee_name":"Tatyana Fitzpatrick","employee_salary":"385750","employee_age":"19","profile_image":""},{"id":"16","employee_name":"Michael Silva","employee_salary":"198500","employee_age":"66","profile_image":""},{"id":"17","employee_name":"Paul Byrd","employee_salary":"725000","employee_age":"64","profile_image":""},{"id":"18","employee_name":"Gloria Little","employee_salary":"237500","employee_age":"59","profile_image":""},{"id":"19","employee_name":"Bradley Greer","employee_salary":"132000","employee_age":"41","profile_image":""},{"id":"20","employee_name":"Dai Rios","employee_salary":"217500","employee_age":"35","profile_image":""},{"id":"21","employee_name":"Jenette Caldwell","employee_salary":"345000","employee_age":"30","profile_image":""},{"id":"22","employee_name":"Yuri Berry","employee_salary":"675000","employee_age":"40","profile_image":""},{"id":"23","employee_name":"Caesar Vance","employee_salary":"106450","employee_age":"21","profile_image":""},{"id":"24","employee_name":"Doris Wilder","employee_salary":"85600","employee_age":"23","profile_image":""}]}
2020-06-28 16:20:01 INFO  EmployeesRestAPI:39 - ***********  Checking Status Code **********
2020-06-28 16:20:01 INFO  EmployeesRestAPI:42 - Status Code is ==>200
2020-06-28 16:20:01 INFO  EmployeesRestAPI:100 - ***********  Checking Content Encoding**********
2020-06-28 16:20:01 INFO  EmployeesRestAPI:103 - Content Encoding is==>gzip
2020-06-28 16:20:01 INFO  EmployeesRestAPI:89 - ***********  Checking Server Type **********
2020-06-28 16:20:01 INFO  EmployeesRestAPI:92 - Server Type is =>nginx/1.16.0
2020-06-28 16:20:01 INFO  EmployeesRestAPI:66 - ***********  Checking Status Line **********
2020-06-28 16:20:01 INFO  EmployeesRestAPI:69 - Status Line is ==>HTTP/1.1 200 OK
2020-06-28 16:20:01 INFO  EmployeesRestAPI:137 - *********  Finished TC001_Get_All_Employees **********
2020-06-28 16:23:08 INFO  EmployeesRestAPI:16 - *********Started TC001_Get_All_Employees **********
2020-06-28 16:23:09 INFO  EmployeesRestAPI:112 - ***********  Checking Content Lenght**********
2020-06-28 16:23:09 INFO  EmployeesRestAPI:115 - Content Length is==>595
2020-06-28 16:23:09 INFO  EmployeesRestAPI:79 - ***********  Checking Content Type **********
2020-06-28 16:23:09 INFO  EmployeesRestAPI:82 - Content type is ==>application/json;charset=utf-8
2020-06-28 16:23:09 INFO  EmployeesRestAPI:127 - ***********  Checking Cookies **********
2020-06-28 16:23:09 INFO  EmployeesRestAPI:50 - ***********  Checking Response Time **********
2020-06-28 16:23:09 INFO  EmployeesRestAPI:53 - Response Time is ==>972
2020-06-28 16:23:09 INFO  EmployeesRestAPI:28 - ***********  Checking Respose Body **********
2020-06-28 16:23:09 INFO  EmployeesRestAPI:31 - Response Body==>{"status":"success","data":[{"id":"1","employee_name":"Tiger Nixon","employee_salary":"320800","employee_age":"61","profile_image":""},{"id":"2","employee_name":"Garrett Winters","employee_salary":"170750","employee_age":"63","profile_image":""},{"id":"3","employee_name":"Ashton Cox","employee_salary":"86000","employee_age":"66","profile_image":""},{"id":"4","employee_name":"Cedric Kelly","employee_salary":"433060","employee_age":"22","profile_image":""},{"id":"5","employee_name":"Airi Satou","employee_salary":"162700","employee_age":"33","profile_image":""},{"id":"6","employee_name":"Brielle Williamson","employee_salary":"372000","employee_age":"61","profile_image":""},{"id":"7","employee_name":"Herrod Chandler","employee_salary":"137500","employee_age":"59","profile_image":""},{"id":"8","employee_name":"Rhona Davidson","employee_salary":"327900","employee_age":"55","profile_image":""},{"id":"9","employee_name":"Colleen Hurst","employee_salary":"205500","employee_age":"39","profile_image":""},{"id":"10","employee_name":"Sonya Frost","employee_salary":"103600","employee_age":"23","profile_image":""},{"id":"11","employee_name":"Jena Gaines","employee_salary":"90560","employee_age":"30","profile_image":""},{"id":"12","employee_name":"Quinn Flynn","employee_salary":"342000","employee_age":"22","profile_image":""},{"id":"13","employee_name":"Charde Marshall","employee_salary":"470600","employee_age":"36","profile_image":""},{"id":"14","employee_name":"Haley Kennedy","employee_salary":"313500","employee_age":"43","profile_image":""},{"id":"15","employee_name":"Tatyana Fitzpatrick","employee_salary":"385750","employee_age":"19","profile_image":""},{"id":"16","employee_name":"Michael Silva","employee_salary":"198500","employee_age":"66","profile_image":""},{"id":"17","employee_name":"Paul Byrd","employee_salary":"725000","employee_age":"64","profile_image":""},{"id":"18","employee_name":"Gloria Little","employee_salary":"237500","employee_age":"59","profile_image":""},{"id":"19","employee_name":"Bradley Greer","employee_salary":"132000","employee_age":"41","profile_image":""},{"id":"20","employee_name":"Dai Rios","employee_salary":"217500","employee_age":"35","profile_image":""},{"id":"21","employee_name":"Jenette Caldwell","employee_salary":"345000","employee_age":"30","profile_image":""},{"id":"22","employee_name":"Yuri Berry","employee_salary":"675000","employee_age":"40","profile_image":""},{"id":"23","employee_name":"Caesar Vance","employee_salary":"106450","employee_age":"21","profile_image":""},{"id":"24","employee_name":"Doris Wilder","employee_salary":"85600","employee_age":"23","profile_image":""}]}
2020-06-28 16:23:09 INFO  EmployeesRestAPI:39 - ***********  Checking Status Code **********
2020-06-28 16:23:09 INFO  EmployeesRestAPI:42 - Status Code is ==>200
2020-06-28 16:23:09 INFO  EmployeesRestAPI:100 - ***********  Checking Content Encoding**********
2020-06-28 16:23:09 INFO  EmployeesRestAPI:103 - Content Encoding is==>gzip
2020-06-28 16:23:09 INFO  EmployeesRestAPI:89 - ***********  Checking Server Type **********
2020-06-28 16:23:09 INFO  EmployeesRestAPI:92 - Server Type is =>nginx/1.16.0
2020-06-28 16:23:09 INFO  EmployeesRestAPI:66 - ***********  Checking Status Line **********
2020-06-28 16:23:09 INFO  EmployeesRestAPI:69 - Status Line is ==>HTTP/1.1 200 OK
2020-06-28 16:23:09 INFO  EmployeesRestAPI:137 - *********  Finished TC001_Get_All_Employees **********
2020-06-28 21:51:17 INFO  EmployeesRestAPI:16 - *********Started TC001_Get_All_Employees **********
2020-06-28 21:51:19 INFO  EmployeesRestAPI:89 - ***********  Checking Server Type **********
2020-06-28 21:51:19 INFO  EmployeesRestAPI:92 - Server Type is =>nginx/1.16.0
2020-06-28 21:51:19 INFO  EmployeesRestAPI:137 - *********  Finished TC001_Get_All_Employees **********
2020-06-28 21:51:36 INFO  EmployeesRestAPI:16 - *********Started TC001_Get_All_Employees **********
2020-06-28 21:51:37 INFO  EmployeesRestAPI:112 - ***********  Checking Content Lenght**********
2020-06-28 21:51:37 INFO  EmployeesRestAPI:115 - Content Length is==>595
2020-06-28 21:51:37 INFO  EmployeesRestAPI:79 - ***********  Checking Content Type **********
2020-06-28 21:51:37 INFO  EmployeesRestAPI:82 - Content type is ==>application/json;charset=utf-8
2020-06-28 21:51:37 INFO  EmployeesRestAPI:127 - ***********  Checking Cookies **********
2020-06-28 21:51:37 INFO  EmployeesRestAPI:50 - ***********  Checking Response Time **********
2020-06-28 21:51:37 INFO  EmployeesRestAPI:53 - Response Time is ==>459
2020-06-28 21:51:37 INFO  EmployeesRestAPI:28 - ***********  Checking Respose Body **********
2020-06-28 21:51:37 INFO  EmployeesRestAPI:31 - Response Body==>{"status":"success","data":[{"id":"1","employee_name":"Tiger Nixon","employee_salary":"320800","employee_age":"61","profile_image":""},{"id":"2","employee_name":"Garrett Winters","employee_salary":"170750","employee_age":"63","profile_image":""},{"id":"3","employee_name":"Ashton Cox","employee_salary":"86000","employee_age":"66","profile_image":""},{"id":"4","employee_name":"Cedric Kelly","employee_salary":"433060","employee_age":"22","profile_image":""},{"id":"5","employee_name":"Airi Satou","employee_salary":"162700","employee_age":"33","profile_image":""},{"id":"6","employee_name":"Brielle Williamson","employee_salary":"372000","employee_age":"61","profile_image":""},{"id":"7","employee_name":"Herrod Chandler","employee_salary":"137500","employee_age":"59","profile_image":""},{"id":"8","employee_name":"Rhona Davidson","employee_salary":"327900","employee_age":"55","profile_image":""},{"id":"9","employee_name":"Colleen Hurst","employee_salary":"205500","employee_age":"39","profile_image":""},{"id":"10","employee_name":"Sonya Frost","employee_salary":"103600","employee_age":"23","profile_image":""},{"id":"11","employee_name":"Jena Gaines","employee_salary":"90560","employee_age":"30","profile_image":""},{"id":"12","employee_name":"Quinn Flynn","employee_salary":"342000","employee_age":"22","profile_image":""},{"id":"13","employee_name":"Charde Marshall","employee_salary":"470600","employee_age":"36","profile_image":""},{"id":"14","employee_name":"Haley Kennedy","employee_salary":"313500","employee_age":"43","profile_image":""},{"id":"15","employee_name":"Tatyana Fitzpatrick","employee_salary":"385750","employee_age":"19","profile_image":""},{"id":"16","employee_name":"Michael Silva","employee_salary":"198500","employee_age":"66","profile_image":""},{"id":"17","employee_name":"Paul Byrd","employee_salary":"725000","employee_age":"64","profile_image":""},{"id":"18","employee_name":"Gloria Little","employee_salary":"237500","employee_age":"59","profile_image":""},{"id":"19","employee_name":"Bradley Greer","employee_salary":"132000","employee_age":"41","profile_image":""},{"id":"20","employee_name":"Dai Rios","employee_salary":"217500","employee_age":"35","profile_image":""},{"id":"21","employee_name":"Jenette Caldwell","employee_salary":"345000","employee_age":"30","profile_image":""},{"id":"22","employee_name":"Yuri Berry","employee_salary":"675000","employee_age":"40","profile_image":""},{"id":"23","employee_name":"Caesar Vance","employee_salary":"106450","employee_age":"21","profile_image":""},{"id":"24","employee_name":"Doris Wilder","employee_salary":"85600","employee_age":"23","profile_image":""}]}
2020-06-28 21:51:37 INFO  EmployeesRestAPI:39 - ***********  Checking Status Code **********
2020-06-28 21:51:37 INFO  EmployeesRestAPI:42 - Status Code is ==>200
2020-06-28 21:51:37 INFO  EmployeesRestAPI:100 - ***********  Checking Content Encoding**********
2020-06-28 21:51:37 INFO  EmployeesRestAPI:103 - Content Encoding is==>gzip
2020-06-28 21:51:37 INFO  EmployeesRestAPI:89 - ***********  Checking Server Type **********
2020-06-28 21:51:37 INFO  EmployeesRestAPI:92 - Server Type is =>nginx/1.16.0
2020-06-28 21:51:37 INFO  EmployeesRestAPI:66 - ***********  Checking Status Line **********
2020-06-28 21:51:37 INFO  EmployeesRestAPI:69 - Status Line is ==>HTTP/1.1 200 OK
2020-06-28 21:51:37 INFO  EmployeesRestAPI:137 - *********  Finished TC001_Get_All_Employees **********
2020-06-28 21:52:42 INFO  EmployeesRestAPI:16 - *********Started TC001_Get_All_Employees **********
2020-06-28 21:52:43 INFO  EmployeesRestAPI:112 - ***********  Checking Content Lenght**********
2020-06-28 21:52:43 INFO  EmployeesRestAPI:115 - Content Length is==>595
2020-06-28 21:52:43 INFO  EmployeesRestAPI:79 - ***********  Checking Content Type **********
2020-06-28 21:52:43 INFO  EmployeesRestAPI:82 - Content type is ==>application/json;charset=utf-8
2020-06-28 21:52:43 INFO  EmployeesRestAPI:127 - ***********  Checking Cookies **********
2020-06-28 21:52:43 INFO  EmployeesRestAPI:50 - ***********  Checking Response Time **********
2020-06-28 21:52:43 INFO  EmployeesRestAPI:53 - Response Time is ==>485
2020-06-28 21:52:43 INFO  EmployeesRestAPI:28 - ***********  Checking Respose Body **********
2020-06-28 21:52:43 INFO  EmployeesRestAPI:31 - Response Body==>{"status":"success","data":[{"id":"1","employee_name":"Tiger Nixon","employee_salary":"320800","employee_age":"61","profile_image":""},{"id":"2","employee_name":"Garrett Winters","employee_salary":"170750","employee_age":"63","profile_image":""},{"id":"3","employee_name":"Ashton Cox","employee_salary":"86000","employee_age":"66","profile_image":""},{"id":"4","employee_name":"Cedric Kelly","employee_salary":"433060","employee_age":"22","profile_image":""},{"id":"5","employee_name":"Airi Satou","employee_salary":"162700","employee_age":"33","profile_image":""},{"id":"6","employee_name":"Brielle Williamson","employee_salary":"372000","employee_age":"61","profile_image":""},{"id":"7","employee_name":"Herrod Chandler","employee_salary":"137500","employee_age":"59","profile_image":""},{"id":"8","employee_name":"Rhona Davidson","employee_salary":"327900","employee_age":"55","profile_image":""},{"id":"9","employee_name":"Colleen Hurst","employee_salary":"205500","employee_age":"39","profile_image":""},{"id":"10","employee_name":"Sonya Frost","employee_salary":"103600","employee_age":"23","profile_image":""},{"id":"11","employee_name":"Jena Gaines","employee_salary":"90560","employee_age":"30","profile_image":""},{"id":"12","employee_name":"Quinn Flynn","employee_salary":"342000","employee_age":"22","profile_image":""},{"id":"13","employee_name":"Charde Marshall","employee_salary":"470600","employee_age":"36","profile_image":""},{"id":"14","employee_name":"Haley Kennedy","employee_salary":"313500","employee_age":"43","profile_image":""},{"id":"15","employee_name":"Tatyana Fitzpatrick","employee_salary":"385750","employee_age":"19","profile_image":""},{"id":"16","employee_name":"Michael Silva","employee_salary":"198500","employee_age":"66","profile_image":""},{"id":"17","employee_name":"Paul Byrd","employee_salary":"725000","employee_age":"64","profile_image":""},{"id":"18","employee_name":"Gloria Little","employee_salary":"237500","employee_age":"59","profile_image":""},{"id":"19","employee_name":"Bradley Greer","employee_salary":"132000","employee_age":"41","profile_image":""},{"id":"20","employee_name":"Dai Rios","employee_salary":"217500","employee_age":"35","profile_image":""},{"id":"21","employee_name":"Jenette Caldwell","employee_salary":"345000","employee_age":"30","profile_image":""},{"id":"22","employee_name":"Yuri Berry","employee_salary":"675000","employee_age":"40","profile_image":""},{"id":"23","employee_name":"Caesar Vance","employee_salary":"106450","employee_age":"21","profile_image":""},{"id":"24","employee_name":"Doris Wilder","employee_salary":"85600","employee_age":"23","profile_image":""}]}
2020-06-28 21:52:43 INFO  EmployeesRestAPI:39 - ***********  Checking Status Code **********
2020-06-28 21:52:43 INFO  EmployeesRestAPI:42 - Status Code is ==>200
2020-06-28 21:52:43 INFO  EmployeesRestAPI:100 - ***********  Checking Content Encoding**********
2020-06-28 21:52:43 INFO  EmployeesRestAPI:103 - Content Encoding is==>gzip
2020-06-28 21:52:43 INFO  EmployeesRestAPI:89 - ***********  Checking Server Type **********
2020-06-28 21:52:43 INFO  EmployeesRestAPI:92 - Server Type is =>nginx/1.16.0
2020-06-28 21:52:43 INFO  EmployeesRestAPI:66 - ***********  Checking Status Line **********
2020-06-28 21:52:43 INFO  EmployeesRestAPI:69 - Status Line is ==>HTTP/1.1 200 OK
2020-06-28 21:52:43 INFO  EmployeesRestAPI:137 - *********  Finished TC001_Get_All_Employees **********
2020-06-28 21:53:39 INFO  EmployeesRestAPI:16 - *********Started TC001_Get_All_Employees **********
2020-06-28 21:53:40 INFO  EmployeesRestAPI:112 - ***********  Checking Content Lenght**********
2020-06-28 21:53:40 INFO  EmployeesRestAPI:115 - Content Length is==>595
2020-06-28 21:53:40 INFO  EmployeesRestAPI:79 - ***********  Checking Content Type **********
2020-06-28 21:53:40 INFO  EmployeesRestAPI:82 - Content type is ==>application/json;charset=utf-8
2020-06-28 21:53:40 INFO  EmployeesRestAPI:127 - ***********  Checking Cookies **********
2020-06-28 21:53:40 INFO  EmployeesRestAPI:50 - ***********  Checking Response Time **********
2020-06-28 21:53:40 INFO  EmployeesRestAPI:53 - Response Time is ==>410
2020-06-28 21:53:40 INFO  EmployeesRestAPI:28 - ***********  Checking Respose Body **********
2020-06-28 21:53:40 INFO  EmployeesRestAPI:31 - Response Body==>{"status":"success","data":[{"id":"1","employee_name":"Tiger Nixon","employee_salary":"320800","employee_age":"61","profile_image":""},{"id":"2","employee_name":"Garrett Winters","employee_salary":"170750","employee_age":"63","profile_image":""},{"id":"3","employee_name":"Ashton Cox","employee_salary":"86000","employee_age":"66","profile_image":""},{"id":"4","employee_name":"Cedric Kelly","employee_salary":"433060","employee_age":"22","profile_image":""},{"id":"5","employee_name":"Airi Satou","employee_salary":"162700","employee_age":"33","profile_image":""},{"id":"6","employee_name":"Brielle Williamson","employee_salary":"372000","employee_age":"61","profile_image":""},{"id":"7","employee_name":"Herrod Chandler","employee_salary":"137500","employee_age":"59","profile_image":""},{"id":"8","employee_name":"Rhona Davidson","employee_salary":"327900","employee_age":"55","profile_image":""},{"id":"9","employee_name":"Colleen Hurst","employee_salary":"205500","employee_age":"39","profile_image":""},{"id":"10","employee_name":"Sonya Frost","employee_salary":"103600","employee_age":"23","profile_image":""},{"id":"11","employee_name":"Jena Gaines","employee_salary":"90560","employee_age":"30","profile_image":""},{"id":"12","employee_name":"Quinn Flynn","employee_salary":"342000","employee_age":"22","profile_image":""},{"id":"13","employee_name":"Charde Marshall","employee_salary":"470600","employee_age":"36","profile_image":""},{"id":"14","employee_name":"Haley Kennedy","employee_salary":"313500","employee_age":"43","profile_image":""},{"id":"15","employee_name":"Tatyana Fitzpatrick","employee_salary":"385750","employee_age":"19","profile_image":""},{"id":"16","employee_name":"Michael Silva","employee_salary":"198500","employee_age":"66","profile_image":""},{"id":"17","employee_name":"Paul Byrd","employee_salary":"725000","employee_age":"64","profile_image":""},{"id":"18","employee_name":"Gloria Little","employee_salary":"237500","employee_age":"59","profile_image":""},{"id":"19","employee_name":"Bradley Greer","employee_salary":"132000","employee_age":"41","profile_image":""},{"id":"20","employee_name":"Dai Rios","employee_salary":"217500","employee_age":"35","profile_image":""},{"id":"21","employee_name":"Jenette Caldwell","employee_salary":"345000","employee_age":"30","profile_image":""},{"id":"22","employee_name":"Yuri Berry","employee_salary":"675000","employee_age":"40","profile_image":""},{"id":"23","employee_name":"Caesar Vance","employee_salary":"106450","employee_age":"21","profile_image":""},{"id":"24","employee_name":"Doris Wilder","employee_salary":"85600","employee_age":"23","profile_image":""}]}
2020-06-28 21:53:40 INFO  EmployeesRestAPI:39 - ***********  Checking Status Code **********
2020-06-28 21:53:40 INFO  EmployeesRestAPI:42 - Status Code is ==>200
2020-06-28 21:53:40 INFO  EmployeesRestAPI:100 - ***********  Checking Content Encoding**********
2020-06-28 21:53:40 INFO  EmployeesRestAPI:103 - Content Encoding is==>gzip
2020-06-28 21:53:40 INFO  EmployeesRestAPI:89 - ***********  Checking Server Type **********
2020-06-28 21:53:40 INFO  EmployeesRestAPI:92 - Server Type is =>nginx/1.16.0
2020-06-28 21:53:40 INFO  EmployeesRestAPI:66 - ***********  Checking Status Line **********
2020-06-28 21:53:40 INFO  EmployeesRestAPI:69 - Status Line is ==>HTTP/1.1 200 OK
2020-06-28 21:53:40 INFO  EmployeesRestAPI:137 - *********  Finished TC001_Get_All_Employees **********
2020-06-28 22:05:00 INFO  EmployeesRestAPI:16 - *********Started TC001_Get_All_Employees **********
2020-06-28 22:05:01 INFO  EmployeesRestAPI:112 - ***********  Checking Content Lenght**********
2020-06-28 22:05:01 INFO  EmployeesRestAPI:115 - Content Length is==>595
2020-06-28 22:05:01 INFO  EmployeesRestAPI:79 - ***********  Checking Content Type **********
2020-06-28 22:05:01 INFO  EmployeesRestAPI:82 - Content type is ==>application/json;charset=utf-8
2020-06-28 22:05:01 INFO  EmployeesRestAPI:127 - ***********  Checking Cookies **********
2020-06-28 22:05:01 INFO  EmployeesRestAPI:50 - ***********  Checking Response Time **********
2020-06-28 22:05:01 INFO  EmployeesRestAPI:53 - Response Time is ==>990
2020-06-28 22:05:01 INFO  EmployeesRestAPI:28 - ***********  Checking Respose Body **********
2020-06-28 22:05:01 INFO  EmployeesRestAPI:31 - Response Body==>{"status":"success","data":[{"id":"1","employee_name":"Tiger Nixon","employee_salary":"320800","employee_age":"61","profile_image":""},{"id":"2","employee_name":"Garrett Winters","employee_salary":"170750","employee_age":"63","profile_image":""},{"id":"3","employee_name":"Ashton Cox","employee_salary":"86000","employee_age":"66","profile_image":""},{"id":"4","employee_name":"Cedric Kelly","employee_salary":"433060","employee_age":"22","profile_image":""},{"id":"5","employee_name":"Airi Satou","employee_salary":"162700","employee_age":"33","profile_image":""},{"id":"6","employee_name":"Brielle Williamson","employee_salary":"372000","employee_age":"61","profile_image":""},{"id":"7","employee_name":"Herrod Chandler","employee_salary":"137500","employee_age":"59","profile_image":""},{"id":"8","employee_name":"Rhona Davidson","employee_salary":"327900","employee_age":"55","profile_image":""},{"id":"9","employee_name":"Colleen Hurst","employee_salary":"205500","employee_age":"39","profile_image":""},{"id":"10","employee_name":"Sonya Frost","employee_salary":"103600","employee_age":"23","profile_image":""},{"id":"11","employee_name":"Jena Gaines","employee_salary":"90560","employee_age":"30","profile_image":""},{"id":"12","employee_name":"Quinn Flynn","employee_salary":"342000","employee_age":"22","profile_image":""},{"id":"13","employee_name":"Charde Marshall","employee_salary":"470600","employee_age":"36","profile_image":""},{"id":"14","employee_name":"Haley Kennedy","employee_salary":"313500","employee_age":"43","profile_image":""},{"id":"15","employee_name":"Tatyana Fitzpatrick","employee_salary":"385750","employee_age":"19","profile_image":""},{"id":"16","employee_name":"Michael Silva","employee_salary":"198500","employee_age":"66","profile_image":""},{"id":"17","employee_name":"Paul Byrd","employee_salary":"725000","employee_age":"64","profile_image":""},{"id":"18","employee_name":"Gloria Little","employee_salary":"237500","employee_age":"59","profile_image":""},{"id":"19","employee_name":"Bradley Greer","employee_salary":"132000","employee_age":"41","profile_image":""},{"id":"20","employee_name":"Dai Rios","employee_salary":"217500","employee_age":"35","profile_image":""},{"id":"21","employee_name":"Jenette Caldwell","employee_salary":"345000","employee_age":"30","profile_image":""},{"id":"22","employee_name":"Yuri Berry","employee_salary":"675000","employee_age":"40","profile_image":""},{"id":"23","employee_name":"Caesar Vance","employee_salary":"106450","employee_age":"21","profile_image":""},{"id":"24","employee_name":"Doris Wilder","employee_salary":"85600","employee_age":"23","profile_image":""}]}
2020-06-28 22:05:01 INFO  EmployeesRestAPI:39 - ***********  Checking Status Code **********
2020-06-28 22:05:01 INFO  EmployeesRestAPI:42 - Status Code is ==>200
2020-06-28 22:05:01 INFO  EmployeesRestAPI:100 - ***********  Checking Content Encoding**********
2020-06-28 22:05:01 INFO  EmployeesRestAPI:103 - Content Encoding is==>gzip
2020-06-28 22:05:01 INFO  EmployeesRestAPI:89 - ***********  Checking Server Type **********
2020-06-28 22:05:01 INFO  EmployeesRestAPI:92 - Server Type is =>nginx/1.16.0
2020-06-28 22:05:01 INFO  EmployeesRestAPI:66 - ***********  Checking Status Line **********
2020-06-28 22:05:01 INFO  EmployeesRestAPI:69 - Status Line is ==>HTTP/1.1 200 OK
2020-06-28 22:05:01 INFO  EmployeesRestAPI:137 - *********  Finished TC001_Get_All_Employees **********
2020-06-28 22:53:24 INFO  EmployeesRestAPI:16 - *********Started TC001_Get_All_Employees **********
2020-06-28 22:53:26 INFO  EmployeesRestAPI:112 - ***********  Checking Content Lenght**********
2020-06-28 22:53:26 INFO  EmployeesRestAPI:115 - Content Length is==>595
2020-06-28 22:53:26 INFO  EmployeesRestAPI:79 - ***********  Checking Content Type **********
2020-06-28 22:53:26 INFO  EmployeesRestAPI:82 - Content type is ==>application/json;charset=utf-8
2020-06-28 22:53:26 INFO  EmployeesRestAPI:127 - ***********  Checking Cookies **********
2020-06-28 22:53:26 INFO  EmployeesRestAPI:50 - ***********  Checking Response Time **********
2020-06-28 22:53:26 INFO  EmployeesRestAPI:53 - Response Time is ==>897
2020-06-28 22:53:26 INFO  EmployeesRestAPI:28 - ***********  Checking Respose Body **********
2020-06-28 22:53:26 INFO  EmployeesRestAPI:31 - Response Body==>{"status":"success","data":[{"id":"1","employee_name":"Tiger Nixon","employee_salary":"320800","employee_age":"61","profile_image":""},{"id":"2","employee_name":"Garrett Winters","employee_salary":"170750","employee_age":"63","profile_image":""},{"id":"3","employee_name":"Ashton Cox","employee_salary":"86000","employee_age":"66","profile_image":""},{"id":"4","employee_name":"Cedric Kelly","employee_salary":"433060","employee_age":"22","profile_image":""},{"id":"5","employee_name":"Airi Satou","employee_salary":"162700","employee_age":"33","profile_image":""},{"id":"6","employee_name":"Brielle Williamson","employee_salary":"372000","employee_age":"61","profile_image":""},{"id":"7","employee_name":"Herrod Chandler","employee_salary":"137500","employee_age":"59","profile_image":""},{"id":"8","employee_name":"Rhona Davidson","employee_salary":"327900","employee_age":"55","profile_image":""},{"id":"9","employee_name":"Colleen Hurst","employee_salary":"205500","employee_age":"39","profile_image":""},{"id":"10","employee_name":"Sonya Frost","employee_salary":"103600","employee_age":"23","profile_image":""},{"id":"11","employee_name":"Jena Gaines","employee_salary":"90560","employee_age":"30","profile_image":""},{"id":"12","employee_name":"Quinn Flynn","employee_salary":"342000","employee_age":"22","profile_image":""},{"id":"13","employee_name":"Charde Marshall","employee_salary":"470600","employee_age":"36","profile_image":""},{"id":"14","employee_name":"Haley Kennedy","employee_salary":"313500","employee_age":"43","profile_image":""},{"id":"15","employee_name":"Tatyana Fitzpatrick","employee_salary":"385750","employee_age":"19","profile_image":""},{"id":"16","employee_name":"Michael Silva","employee_salary":"198500","employee_age":"66","profile_image":""},{"id":"17","employee_name":"Paul Byrd","employee_salary":"725000","employee_age":"64","profile_image":""},{"id":"18","employee_name":"Gloria Little","employee_salary":"237500","employee_age":"59","profile_image":""},{"id":"19","employee_name":"Bradley Greer","employee_salary":"132000","employee_age":"41","profile_image":""},{"id":"20","employee_name":"Dai Rios","employee_salary":"217500","employee_age":"35","profile_image":""},{"id":"21","employee_name":"Jenette Caldwell","employee_salary":"345000","employee_age":"30","profile_image":""},{"id":"22","employee_name":"Yuri Berry","employee_salary":"675000","employee_age":"40","profile_image":""},{"id":"23","employee_name":"Caesar Vance","employee_salary":"106450","employee_age":"21","profile_image":""},{"id":"24","employee_name":"Doris Wilder","employee_salary":"85600","employee_age":"23","profile_image":""}]}
2020-06-28 22:53:26 INFO  EmployeesRestAPI:39 - ***********  Checking Status Code **********
2020-06-28 22:53:26 INFO  EmployeesRestAPI:42 - Status Code is ==>200
2020-06-28 22:53:26 INFO  EmployeesRestAPI:100 - ***********  Checking Content Encoding**********
2020-06-28 22:53:26 INFO  EmployeesRestAPI:103 - Content Encoding is==>gzip
2020-06-28 22:53:26 INFO  EmployeesRestAPI:89 - ***********  Checking Server Type **********
2020-06-28 22:53:26 INFO  EmployeesRestAPI:92 - Server Type is =>nginx/1.16.0
2020-06-28 22:53:26 INFO  EmployeesRestAPI:66 - ***********  Checking Status Line **********
2020-06-28 22:53:26 INFO  EmployeesRestAPI:69 - Status Line is ==>HTTP/1.1 200 OK
2020-06-28 22:53:26 INFO  EmployeesRestAPI:137 - *********  Finished TC001_Get_All_Employees **********
2020-06-28 22:53:26 INFO  EmployeesRestAPI:19 - *********Started TC002_Get_Single_Employee_Record **********
2020-06-28 22:53:32 INFO  EmployeesRestAPI:29 - *********Checking ResponseBody **********
2020-06-28 22:53:32 INFO  EmployeesRestAPI:37 - *********Checking StatusCode **********
2020-06-28 22:53:32 INFO  EmployeesRestAPI:44 - *********Checking ResponseTime **********
2020-06-28 22:53:32 INFO  EmployeesRestAPI:80 - *********  Finished TC001_Get_All_Employees **********
2020-06-28 22:58:03 INFO  EmployeesRestAPI:16 - *********Started TC001_Get_All_Employees **********
2020-06-28 22:58:04 INFO  EmployeesRestAPI:112 - ***********  Checking Content Lenght**********
2020-06-28 22:58:04 INFO  EmployeesRestAPI:115 - Content Length is==>595
2020-06-28 22:58:04 INFO  EmployeesRestAPI:79 - ***********  Checking Content Type **********
2020-06-28 22:58:04 INFO  EmployeesRestAPI:82 - Content type is ==>application/json;charset=utf-8
2020-06-28 22:58:04 INFO  EmployeesRestAPI:127 - ***********  Checking Cookies **********
2020-06-28 22:58:04 INFO  EmployeesRestAPI:50 - ***********  Checking Response Time **********
2020-06-28 22:58:04 INFO  EmployeesRestAPI:53 - Response Time is ==>986
2020-06-28 22:58:04 INFO  EmployeesRestAPI:28 - ***********  Checking Respose Body **********
2020-06-28 22:58:04 INFO  EmployeesRestAPI:31 - Response Body==>{"status":"success","data":[{"id":"1","employee_name":"Tiger Nixon","employee_salary":"320800","employee_age":"61","profile_image":""},{"id":"2","employee_name":"Garrett Winters","employee_salary":"170750","employee_age":"63","profile_image":""},{"id":"3","employee_name":"Ashton Cox","employee_salary":"86000","employee_age":"66","profile_image":""},{"id":"4","employee_name":"Cedric Kelly","employee_salary":"433060","employee_age":"22","profile_image":""},{"id":"5","employee_name":"Airi Satou","employee_salary":"162700","employee_age":"33","profile_image":""},{"id":"6","employee_name":"Brielle Williamson","employee_salary":"372000","employee_age":"61","profile_image":""},{"id":"7","employee_name":"Herrod Chandler","employee_salary":"137500","employee_age":"59","profile_image":""},{"id":"8","employee_name":"Rhona Davidson","employee_salary":"327900","employee_age":"55","profile_image":""},{"id":"9","employee_name":"Colleen Hurst","employee_salary":"205500","employee_age":"39","profile_image":""},{"id":"10","employee_name":"Sonya Frost","employee_salary":"103600","employee_age":"23","profile_image":""},{"id":"11","employee_name":"Jena Gaines","employee_salary":"90560","employee_age":"30","profile_image":""},{"id":"12","employee_name":"Quinn Flynn","employee_salary":"342000","employee_age":"22","profile_image":""},{"id":"13","employee_name":"Charde Marshall","employee_salary":"470600","employee_age":"36","profile_image":""},{"id":"14","employee_name":"Haley Kennedy","employee_salary":"313500","employee_age":"43","profile_image":""},{"id":"15","employee_name":"Tatyana Fitzpatrick","employee_salary":"385750","employee_age":"19","profile_image":""},{"id":"16","employee_name":"Michael Silva","employee_salary":"198500","employee_age":"66","profile_image":""},{"id":"17","employee_name":"Paul Byrd","employee_salary":"725000","employee_age":"64","profile_image":""},{"id":"18","employee_name":"Gloria Little","employee_salary":"237500","employee_age":"59","profile_image":""},{"id":"19","employee_name":"Bradley Greer","employee_salary":"132000","employee_age":"41","profile_image":""},{"id":"20","employee_name":"Dai Rios","employee_salary":"217500","employee_age":"35","profile_image":""},{"id":"21","employee_name":"Jenette Caldwell","employee_salary":"345000","employee_age":"30","profile_image":""},{"id":"22","employee_name":"Yuri Berry","employee_salary":"675000","employee_age":"40","profile_image":""},{"id":"23","employee_name":"Caesar Vance","employee_salary":"106450","employee_age":"21","profile_image":""},{"id":"24","employee_name":"Doris Wilder","employee_salary":"85600","employee_age":"23","profile_image":""}]}
2020-06-28 22:58:04 INFO  EmployeesRestAPI:39 - ***********  Checking Status Code **********
2020-06-28 22:58:04 INFO  EmployeesRestAPI:42 - Status Code is ==>200
2020-06-28 22:58:04 INFO  EmployeesRestAPI:100 - ***********  Checking Content Encoding**********
2020-06-28 22:58:04 INFO  EmployeesRestAPI:103 - Content Encoding is==>gzip
2020-06-28 22:58:04 INFO  EmployeesRestAPI:89 - ***********  Checking Server Type **********
2020-06-28 22:58:04 INFO  EmployeesRestAPI:92 - Server Type is =>nginx/1.16.0
2020-06-28 22:58:04 INFO  EmployeesRestAPI:66 - ***********  Checking Status Line **********
2020-06-28 22:58:04 INFO  EmployeesRestAPI:69 - Status Line is ==>HTTP/1.1 200 OK
2020-06-28 22:58:04 INFO  EmployeesRestAPI:137 - *********  Finished TC001_Get_All_Employees **********
2020-06-28 22:58:04 INFO  EmployeesRestAPI:19 - *********Started TC002_Get_Single_Employee_Record **********
2020-06-28 22:58:10 INFO  EmployeesRestAPI:29 - *********Checking ResponseBody **********
2020-06-28 22:58:10 INFO  EmployeesRestAPI:37 - *********Checking StatusCode **********
2020-06-28 22:58:10 INFO  EmployeesRestAPI:44 - *********Checking ResponseTime **********
2020-06-28 22:58:10 INFO  EmployeesRestAPI:80 - *********  Finished TC001_Get_All_Employees **********
2020-06-28 23:01:28 INFO  EmployeesRestAPI:19 - *********Started TC002_Get_Single_Employee_Record **********
2020-06-28 23:01:35 INFO  EmployeesRestAPI:29 - *********Checking ResponseBody **********
2020-06-28 23:01:35 INFO  EmployeesRestAPI:81 - *********  Finished TC001_Get_All_Employees **********
2020-06-28 23:03:29 INFO  EmployeesRestAPI:19 - *********Started TC002_Get_Single_Employee_Record **********
2020-06-28 23:03:36 INFO  EmployeesRestAPI:29 - *********Checking ResponseBody **********
2020-06-28 23:03:36 INFO  EmployeesRestAPI:80 - *********  Finished TC001_Get_All_Employees **********
2020-06-28 23:05:15 INFO  EmployeesRestAPI:19 - *********Started TC002_Get_Single_Employee_Record **********
2020-06-28 23:05:22 INFO  EmployeesRestAPI:30 - *********Checking ResponseBody **********
2020-06-28 23:05:23 INFO  EmployeesRestAPI:38 - *********Checking StatusCode **********
2020-06-28 23:05:23 INFO  EmployeesRestAPI:45 - *********Checking ResponseTime **********
2020-06-28 23:05:23 INFO  EmployeesRestAPI:81 - *********  Finished TC001_Get_All_Employees **********
2020-06-28 23:07:00 INFO  EmployeesRestAPI:16 - *********Started TC001_Get_All_Employees **********
2020-06-28 23:07:01 INFO  EmployeesRestAPI:112 - ***********  Checking Content Lenght**********
2020-06-28 23:07:01 INFO  EmployeesRestAPI:115 - Content Length is==>595
2020-06-28 23:07:01 INFO  EmployeesRestAPI:79 - ***********  Checking Content Type **********
2020-06-28 23:07:01 INFO  EmployeesRestAPI:82 - Content type is ==>application/json;charset=utf-8
2020-06-28 23:07:01 INFO  EmployeesRestAPI:127 - ***********  Checking Cookies **********
2020-06-28 23:07:01 INFO  EmployeesRestAPI:50 - ***********  Checking Response Time **********
2020-06-28 23:07:01 INFO  EmployeesRestAPI:53 - Response Time is ==>435
2020-06-28 23:07:01 INFO  EmployeesRestAPI:28 - ***********  Checking Respose Body **********
2020-06-28 23:07:01 INFO  EmployeesRestAPI:31 - Response Body==>{"status":"success","data":[{"id":"1","employee_name":"Tiger Nixon","employee_salary":"320800","employee_age":"61","profile_image":""},{"id":"2","employee_name":"Garrett Winters","employee_salary":"170750","employee_age":"63","profile_image":""},{"id":"3","employee_name":"Ashton Cox","employee_salary":"86000","employee_age":"66","profile_image":""},{"id":"4","employee_name":"Cedric Kelly","employee_salary":"433060","employee_age":"22","profile_image":""},{"id":"5","employee_name":"Airi Satou","employee_salary":"162700","employee_age":"33","profile_image":""},{"id":"6","employee_name":"Brielle Williamson","employee_salary":"372000","employee_age":"61","profile_image":""},{"id":"7","employee_name":"Herrod Chandler","employee_salary":"137500","employee_age":"59","profile_image":""},{"id":"8","employee_name":"Rhona Davidson","employee_salary":"327900","employee_age":"55","profile_image":""},{"id":"9","employee_name":"Colleen Hurst","employee_salary":"205500","employee_age":"39","profile_image":""},{"id":"10","employee_name":"Sonya Frost","employee_salary":"103600","employee_age":"23","profile_image":""},{"id":"11","employee_name":"Jena Gaines","employee_salary":"90560","employee_age":"30","profile_image":""},{"id":"12","employee_name":"Quinn Flynn","employee_salary":"342000","employee_age":"22","profile_image":""},{"id":"13","employee_name":"Charde Marshall","employee_salary":"470600","employee_age":"36","profile_image":""},{"id":"14","employee_name":"Haley Kennedy","employee_salary":"313500","employee_age":"43","profile_image":""},{"id":"15","employee_name":"Tatyana Fitzpatrick","employee_salary":"385750","employee_age":"19","profile_image":""},{"id":"16","employee_name":"Michael Silva","employee_salary":"198500","employee_age":"66","profile_image":""},{"id":"17","employee_name":"Paul Byrd","employee_salary":"725000","employee_age":"64","profile_image":""},{"id":"18","employee_name":"Gloria Little","employee_salary":"237500","employee_age":"59","profile_image":""},{"id":"19","employee_name":"Bradley Greer","employee_salary":"132000","employee_age":"41","profile_image":""},{"id":"20","employee_name":"Dai Rios","employee_salary":"217500","employee_age":"35","profile_image":""},{"id":"21","employee_name":"Jenette Caldwell","employee_salary":"345000","employee_age":"30","profile_image":""},{"id":"22","employee_name":"Yuri Berry","employee_salary":"675000","employee_age":"40","profile_image":""},{"id":"23","employee_name":"Caesar Vance","employee_salary":"106450","employee_age":"21","profile_image":""},{"id":"24","employee_name":"Doris Wilder","employee_salary":"85600","employee_age":"23","profile_image":""}]}
2020-06-28 23:07:01 INFO  EmployeesRestAPI:39 - ***********  Checking Status Code **********
2020-06-28 23:07:01 INFO  EmployeesRestAPI:42 - Status Code is ==>200
2020-06-28 23:07:01 INFO  EmployeesRestAPI:100 - ***********  Checking Content Encoding**********
2020-06-28 23:07:01 INFO  EmployeesRestAPI:103 - Content Encoding is==>gzip
2020-06-28 23:07:01 INFO  EmployeesRestAPI:89 - ***********  Checking Server Type **********
2020-06-28 23:07:01 INFO  EmployeesRestAPI:92 - Server Type is =>nginx/1.16.0
2020-06-28 23:07:01 INFO  EmployeesRestAPI:66 - ***********  Checking Status Line **********
2020-06-28 23:07:01 INFO  EmployeesRestAPI:69 - Status Line is ==>HTTP/1.1 200 OK
2020-06-28 23:07:01 INFO  EmployeesRestAPI:137 - *********  Finished TC001_Get_All_Employees **********
2020-06-28 23:07:01 INFO  EmployeesRestAPI:19 - *********Started TC002_Get_Single_Employee_Record **********
2020-06-28 23:07:07 INFO  EmployeesRestAPI:29 - *********Checking ResponseBody **********
2020-06-28 23:07:07 INFO  EmployeesRestAPI:37 - *********Checking StatusCode **********
2020-06-28 23:07:07 INFO  EmployeesRestAPI:44 - *********Checking ResponseTime **********
2020-06-28 23:07:07 INFO  EmployeesRestAPI:80 - *********  Finished TC001_Get_All_Employees **********
2020-06-28 23:11:03 INFO  EmployeesRestAPI:17 - *********Started TC002_Get_Single_Employee_Record **********
2020-06-28 23:11:10 INFO  EmployeesRestAPI:27 - *********Checking ResponseBody **********
2020-06-28 23:11:10 INFO  EmployeesRestAPI:35 - *********Checking StatusCode **********
2020-06-28 23:11:10 INFO  EmployeesRestAPI:42 - *********Checking ResponseTime **********
2020-06-28 23:11:10 INFO  EmployeesRestAPI:78 - *********  Finished TC001_Get_All_Employees **********
2020-06-28 23:12:51 INFO  EmployeesRestAPI:17 - *********Started TC002_Get_Single_Employee_Record **********
2020-06-28 23:12:58 INFO  EmployeesRestAPI:28 - *********Checking ResponseBody **********
2020-06-28 23:12:58 INFO  EmployeesRestAPI:36 - *********Checking StatusCode **********
2020-06-28 23:12:58 INFO  EmployeesRestAPI:43 - *********Checking ResponseTime **********
2020-06-28 23:12:58 INFO  EmployeesRestAPI:79 - *********  Finished TC001_Get_All_Employees **********
2020-06-28 23:14:36 INFO  EmployeesRestAPI:17 - *********Started TC002_Get_Single_Employee_Record **********
2020-06-28 23:14:44 INFO  EmployeesRestAPI:28 - *********Checking ResponseBody **********
2020-06-28 23:14:44 INFO  EmployeesRestAPI:36 - *********Checking StatusCode **********
2020-06-28 23:14:44 INFO  EmployeesRestAPI:43 - *********Checking ResponseTime **********
2020-06-28 23:14:44 INFO  EmployeesRestAPI:79 - *********  Finished TC001_Get_All_Employees **********
2020-06-28 23:18:16 INFO  EmployeesRestAPI:17 - *********Started TC002_Get_Single_Employee_Record **********
2020-06-28 23:18:19 INFO  EmployeesRestAPI:28 - *********Checking ResponseBody **********
2020-06-28 23:18:19 INFO  EmployeesRestAPI:36 - *********Checking StatusCode **********
2020-06-28 23:18:19 INFO  EmployeesRestAPI:43 - *********Checking ResponseTime **********
2020-06-28 23:18:19 INFO  EmployeesRestAPI:79 - *********  Finished TC001_Get_All_Employees **********
